<?xml version="1.0" encoding="UTF-8"?>
<!-- Generated by org.testng.reporters.JUnitReportReporter -->
<testsuite skipped="0" hostname="tejaswini" name="Scripts.TestCase8" tests="1" failures="0" timestamp="25 Jun 2018 11:58:15 GMT" time="64.056" errors="0">
  <testcase name="test" time="64.056" classname="Scripts.TestCase8"/>
</testsuite> <!-- Scripts.TestCase8 -->
