<?xml version="1.0" encoding="UTF-8"?>
<!-- Generated by org.testng.reporters.JUnitReportReporter -->
<testsuite skipped="0" hostname="tejaswini" name="Scripts.TestCase9" tests="1" failures="0" timestamp="25 Jun 2018 11:58:15 GMT" time="55.755" errors="0">
  <testcase name="test" time="55.755" classname="Scripts.TestCase9"/>
</testsuite> <!-- Scripts.TestCase9 -->
