<?xml version="1.0" encoding="UTF-8"?>
<!-- Generated by org.testng.reporters.JUnitReportReporter -->
<testsuite skipped="0" hostname="tejaswini" name="Scripts.TestCase4" tests="1" failures="0" timestamp="25 Jun 2018 11:58:15 GMT" time="46.235" errors="0">
  <testcase name="login" time="46.235" classname="Scripts.TestCase4"/>
</testsuite> <!-- Scripts.TestCase4 -->
