<?xml version="1.0" encoding="UTF-8"?>
<!-- Generated by org.testng.reporters.JUnitReportReporter -->
<testsuite skipped="0" hostname="tejaswini" name="Scripts.TestCase6" tests="1" failures="0" timestamp="25 Jun 2018 11:58:15 GMT" time="31.728" errors="0">
  <testcase name="test" time="31.728" classname="Scripts.TestCase6"/>
</testsuite> <!-- Scripts.TestCase6 -->
