<?xml version="1.0" encoding="UTF-8"?>
<!-- Generated by org.testng.reporters.JUnitReportReporter -->
<testsuite skipped="0" hostname="tejaswini" name="Scripts.Testcase3" tests="1" failures="0" timestamp="25 Jun 2018 11:58:15 GMT" time="68.125" errors="0">
  <testcase name="test3" time="68.125" classname="Scripts.Testcase3"/>
</testsuite> <!-- Scripts.Testcase3 -->
