<?xml version="1.0" encoding="UTF-8"?>
<!-- Generated by org.testng.reporters.JUnitReportReporter -->
<testsuite skipped="0" hostname="tejaswini" name="EverntePOM.LoginScript" tests="1" failures="0" timestamp="24 Jun 2018 09:11:11 GMT" time="23.449" errors="0">
  <testcase name="login" time="23.449" classname="EverntePOM.LoginScript"/>
</testsuite> <!-- EverntePOM.LoginScript -->
