<?xml version="1.0" encoding="UTF-8"?>
<!-- Generated by org.testng.reporters.JUnitReportReporter -->
<testsuite skipped="0" hostname="tejaswini" name="Scripts.TestCase5" tests="1" failures="0" timestamp="25 Jun 2018 11:58:15 GMT" time="81.137" errors="0">
  <testcase name="shop" time="81.137" classname="Scripts.TestCase5"/>
</testsuite> <!-- Scripts.TestCase5 -->
