<?xml version="1.0" encoding="UTF-8"?>
<!-- Generated by org.testng.reporters.JUnitReportReporter -->
<testsuite skipped="0" hostname="tejaswini" name="Scripts.Testcase1" tests="1" failures="0" timestamp="25 Jun 2018 11:58:15 GMT" time="29.647" errors="0">
  <testcase name="acc" time="29.647" classname="Scripts.Testcase1"/>
</testsuite> <!-- Scripts.Testcase1 -->
